VERTEX SHADER COMPILE INFO:



FRAGMENT SHADER COMPILE INFO:

0:47(14): error: if-statement condition must be scalar boolean
0:51(23): error: could not implicitly convert operands to arithmetic operator
0:51(23): error: operands to relational operators must be scalar and numeric
0:51(23): error: if-statement condition must be scalar boolean
0:52(5): error: assignment to read-only variable 'Cs'
0:53(16): error: LHS of `&&' must be scalar boolean
0:53(37): error: could not implicitly convert operands to arithmetic operator
0:53(37): error: operands to relational operators must be scalar and numeric
0:57(14): error: if-statement condition must be scalar boolean
0:61(23): error: could not implicitly convert operands to arithmetic operator
0:61(23): error: operands to relational operators must be scalar and numeric
0:61(23): error: if-statement condition must be scalar boolean
0:62(5): error: assignment to read-only variable 'Cs'
0:63(16): error: LHS of `&&' must be scalar boolean
0:63(37): error: could not implicitly convert operands to arithmetic operator
0:63(37): error: operands to relational operators must be scalar and numeric
0:67(14): error: if-statement condition must be scalar boolean
0:71(23): error: could not implicitly convert operands to arithmetic operator
0:71(23): error: operands to relational operators must be scalar and numeric
0:71(23): error: if-statement condition must be scalar boolean
0:72(5): error: assignment to read-only variable 'Cs'
0:73(16): error: LHS of `&&' must be scalar boolean
0:73(37): error: could not implicitly convert operands to arithmetic operator
0:73(37): error: operands to relational operators must be scalar and numeric
0:78(11): error: could not implicitly convert operands to relational operator
0:78(11): error: if-statement condition must be scalar boolean


